[01m[K/home/robot/catkin_ws/src/SerialManager/src/serial_manager_node_B.cpp:[m[K In function ‘[01m[Kint main(int, char**)[m[K’:
[01m[K/home/robot/catkin_ws/src/SerialManager/src/serial_manager_node_B.cpp:20:16:[m[K [01;31m[Kerror: [m[K‘[01m[Kprint[m[K’ was not declared in this scope
   print (result);
[01;32m[K                ^[m[K
[01m[K/home/robot/catkin_ws/src/SerialManager/src/serial_manager_node_B.cpp:20:16:[m[K [01;36m[Knote: [m[Ksuggested alternatives:
In file included from [01m[K/opt/ros/kinetic/include/ros/ros.h:40:0[m[K,
                 from [01m[K/home/robot/catkin_ws/src/SerialManager/include/serial_manager.h:1[m[K,
                 from [01m[K/home/robot/catkin_ws/src/SerialManager/src/serial_manager_node_B.cpp:1[m[K:
[01m[K/opt/ros/kinetic/include/ros/console.h:160:22:[m[K [01;36m[Knote: [m[K  ‘[01m[Kros::console::print[m[K’
 ROSCONSOLE_DECL void print(FilterBase* filter, void* logger, Level level,
[01;32m[K                      ^[m[K
In file included from [01m[K/opt/ros/kinetic/include/ros/console.h:35:0[m[K,
                 from [01m[K/opt/ros/kinetic/include/ros/ros.h:40[m[K,
                 from [01m[K/home/robot/catkin_ws/src/SerialManager/include/serial_manager.h:1[m[K,
                 from [01m[K/home/robot/catkin_ws/src/SerialManager/src/serial_manager_node_B.cpp:1[m[K:
[01m[K/opt/ros/kinetic/include/ros/console_backend.h:60:6:[m[K [01;36m[Knote: [m[K  ‘[01m[Kros::console::backend::print[m[K’
 void print(void* logger_handle, ::ros::console::Level level, const char* str, const char* file, const char* function, int line);
[01;32m[K      ^[m[K
make[2]: *** [CMakeFiles/SerialManager.dir/src/serial_manager_node_B.cpp.o] Error 1
make[1]: *** [CMakeFiles/SerialManager.dir/all] Error 2
make: *** [all] Error 2
