make: Warning: File 'Makefile' has modification time 2614 s in the future
make[1]: Warning: File 'CMakeFiles/Makefile2' has modification time 2614 s in the future
make[2]: Warning: File 'CMakeFiles/_serial_manager_generate_messages_check_deps_distance_msg.dir/progress.make' has modification time 2614 s in the future
make[2]: Warning: File 'CMakeFiles/std_msgs_generate_messages_py.dir/progress.make' has modification time 2614 s in the future
make[2]: Warning: File 'CMakeFiles/SerialManagerFunction.dir/flags.make' has modification time 2614 s in the future
make[2]: Warning: File 'CMakeFiles/std_msgs_generate_messages_eus.dir/progress.make' has modification time 2614 s in the future
make[2]: warning:  Clock skew detected.  Your build may be incomplete.
make[2]: warning:  Clock skew detected.  Your build may be incomplete.
make[2]: warning:  Clock skew detected.  Your build may be incomplete.
make[2]: Warning: File 'CMakeFiles/_serial_manager_generate_messages_check_deps_distance_msg.dir/progress.make' has modification time 2614 s in the future
make[2]: Warning: File 'CMakeFiles/std_msgs_generate_messages_py.dir/progress.make' has modification time 2614 s in the future
make[2]: warning:  Clock skew detected.  Your build may be incomplete.
make[2]: Warning: File 'CMakeFiles/SerialManagerFunction.dir/flags.make' has modification time 2614 s in the future
make[2]: warning:  Clock skew detected.  Your build may be incomplete.
make[2]: warning:  Clock skew detected.  Your build may be incomplete.
make[2]: Warning: File 'CMakeFiles/std_msgs_generate_messages_eus.dir/progress.make' has modification time 2614 s in the future
make[2]: warning:  Clock skew detected.  Your build may be incomplete.
make[2]: Warning: File 'CMakeFiles/std_msgs_generate_messages_nodejs.dir/progress.make' has modification time 2614 s in the future
make[2]: Warning: File 'CMakeFiles/std_msgs_generate_messages_lisp.dir/progress.make' has modification time 2614 s in the future
make[2]: Warning: File 'CMakeFiles/std_msgs_generate_messages_cpp.dir/progress.make' has modification time 2614 s in the future
make[2]: warning:  Clock skew detected.  Your build may be incomplete.
make[2]: Warning: File 'CMakeFiles/std_msgs_generate_messages_nodejs.dir/progress.make' has modification time 2614 s in the future
make[2]: warning:  Clock skew detected.  Your build may be incomplete.
make[2]: warning:  Clock skew detected.  Your build may be incomplete.
make[2]: warning:  Clock skew detected.  Your build may be incomplete.
make[2]: Warning: File 'CMakeFiles/std_msgs_generate_messages_lisp.dir/progress.make' has modification time 2614 s in the future
make[2]: warning:  Clock skew detected.  Your build may be incomplete.
make[2]: Warning: File 'CMakeFiles/std_msgs_generate_messages_cpp.dir/progress.make' has modification time 2614 s in the future
make[2]: warning:  Clock skew detected.  Your build may be incomplete.
make[2]: warning:  Clock skew detected.  Your build may be incomplete.
make[2]: Warning: File 'CMakeFiles/SerialManager.dir/flags.make' has modification time 2614 s in the future
make[2]: Warning: File 'CMakeFiles/serial_manager_generate_messages_eus.dir/progress.make' has modification time 2614 s in the future
make[2]: Warning: File 'CMakeFiles/serial_manager_generate_messages_py.dir/progress.make' has modification time 2614 s in the future
make[2]: Warning: File 'CMakeFiles/serial_manager_generate_messages_nodejs.dir/progress.make' has modification time 2614 s in the future
make[2]: warning:  Clock skew detected.  Your build may be incomplete.
make[2]: Warning: File 'CMakeFiles/SerialManager.dir/flags.make' has modification time 2614 s in the future
make[2]: warning:  Clock skew detected.  Your build may be incomplete.
make[2]: warning:  Clock skew detected.  Your build may be incomplete.
make[2]: warning:  Clock skew detected.  Your build may be incomplete.
make[2]: warning:  Clock skew detected.  Your build may be incomplete.
make[2]: Warning: File 'CMakeFiles/serial_manager_generate_messages_eus.dir/progress.make' has modification time 2614 s in the future
make[2]: warning:  Clock skew detected.  Your build may be incomplete.
make[2]: Warning: File 'CMakeFiles/serial_manager_generate_messages_nodejs.dir/progress.make' has modification time 2614 s in the future
make[2]: Warning: File 'CMakeFiles/serial_manager_generate_messages_py.dir/progress.make' has modification time 2614 s in the future
make[2]: warning:  Clock skew detected.  Your build may be incomplete.
make[2]: warning:  Clock skew detected.  Your build may be incomplete.
make[2]: Warning: File 'CMakeFiles/serial_manager_generate_messages_lisp.dir/progress.make' has modification time 2614 s in the future
make[2]: Warning: File 'CMakeFiles/serial_manager_generate_messages_cpp.dir/progress.make' has modification time 2614 s in the future
make[2]: warning:  Clock skew detected.  Your build may be incomplete.
make[2]: warning:  Clock skew detected.  Your build may be incomplete.
make[2]: Warning: File 'CMakeFiles/serial_manager_generate_messages_lisp.dir/progress.make' has modification time 2614 s in the future
make[2]: warning:  Clock skew detected.  Your build may be incomplete.
make[2]: Warning: File 'CMakeFiles/serial_manager_generate_messages_cpp.dir/progress.make' has modification time 2614 s in the future
make[2]: warning:  Clock skew detected.  Your build may be incomplete.
make[2]: Warning: File 'CMakeFiles/serial_manager_generate_messages.dir/progress.make' has modification time 2614 s in the future
make[2]: warning:  Clock skew detected.  Your build may be incomplete.
make[2]: Warning: File 'CMakeFiles/serial_manager_generate_messages.dir/progress.make' has modification time 2614 s in the future
make[2]: warning:  Clock skew detected.  Your build may be incomplete.
make[1]: warning:  Clock skew detected.  Your build may be incomplete.
make: warning:  Clock skew detected.  Your build may be incomplete.
