make: Warning: File 'Makefile' has modification time 143 s in the future
make[1]: Warning: File 'CMakeFiles/Makefile2' has modification time 143 s in the future
make[2]: Warning: File 'CMakeFiles/octomap_server_gencfg.dir/progress.make' has modification time 143 s in the future
make[2]: warning:  Clock skew detected.  Your build may be incomplete.
make[2]: Warning: File 'CMakeFiles/octomap_server_gencfg.dir/progress.make' has modification time 143 s in the future
make[2]: warning:  Clock skew detected.  Your build may be incomplete.
[  5%] Built target octomap_server_gencfg
make[2]: Warning: File 'CMakeFiles/octomap_server.dir/flags.make' has modification time 143 s in the future
make[2]: warning:  Clock skew detected.  Your build may be incomplete.
make[2]: Warning: File 'CMakeFiles/octomap_server.dir/flags.make' has modification time 143 s in the future
make[2]: warning:  Clock skew detected.  Your build may be incomplete.
[ 29%] Built target octomap_server
make[2]: Warning: File 'CMakeFiles/octomap_server_nodelet.dir/flags.make' has modification time 142 s in the future
make[2]: Warning: File 'CMakeFiles/octomap_server_static.dir/flags.make' has modification time 142 s in the future
make[2]: Warning: File 'CMakeFiles/octomap_server_multilayer.dir/flags.make' has modification time 142 s in the future
make[2]: warning:  Clock skew detected.  Your build may be incomplete.
make[2]: warning:  Clock skew detected.  Your build may be incomplete.
make[2]: warning:  Clock skew detected.  Your build may be incomplete.
make[2]: Warning: File 'CMakeFiles/octomap_server_multilayer.dir/flags.make' has modification time 142 s in the future
make[2]: Warning: File 'CMakeFiles/octomap_server_nodelet.dir/flags.make' has modification time 142 s in the future
make[2]: Warning: File 'CMakeFiles/octomap_server_static.dir/flags.make' has modification time 142 s in the future
make[2]: Warning: File 'CMakeFiles/octomap_server_node.dir/flags.make' has modification time 142 s in the future
make[2]: warning:  Clock skew detected.  Your build may be incomplete.
make[2]: warning:  Clock skew detected.  Your build may be incomplete.
make[2]: warning:  Clock skew detected.  Your build may be incomplete.
make[2]: warning:  Clock skew detected.  Your build may be incomplete.
[ 41%] Built target octomap_server_static
[ 52%] Built target octomap_server_multilayer
make[2]: Warning: File 'CMakeFiles/octomap_saver.dir/flags.make' has modification time 143 s in the future
[ 64%] Built target octomap_server_nodelet
make[2]: Warning: File 'CMakeFiles/octomap_server_node.dir/flags.make' has modification time 142 s in the future
make[2]: Warning: File 'CMakeFiles/octomap_tracking_server_node.dir/flags.make' has modification time 143 s in the future
make[2]: warning:  Clock skew detected.  Your build may be incomplete.
make[2]: Warning: File 'CMakeFiles/octomap_saver.dir/flags.make' has modification time 142 s in the future
make[2]: warning:  Clock skew detected.  Your build may be incomplete.
make[2]: warning:  Clock skew detected.  Your build may be incomplete.
make[2]: warning:  Clock skew detected.  Your build may be incomplete.
[ 76%] Built target octomap_server_node
make[2]: Warning: File 'CMakeFiles/octomap_tracking_server_node.dir/flags.make' has modification time 143 s in the future
[ 88%] Built target octomap_saver
make[2]: warning:  Clock skew detected.  Your build may be incomplete.
[100%] Built target octomap_tracking_server_node
make[1]: warning:  Clock skew detected.  Your build may be incomplete.
make: warning:  Clock skew detected.  Your build may be incomplete.
